<?xml version="1.0" encoding="UTF-8"?>
<!-- Generated by org.testng.reporters.JUnitReportReporter -->
<testsuite hostname="DESKTOP-7KK7B4E" failures="0" tests="1" name="com.satfnRegBot.automationScripts.SatisfactionRegisteration" time="53.973" errors="0" timestamp="2024-09-04T17:19:24 IST" skipped="0">
  <testcase classname="com.satfnRegBot.automationScripts.SatisfactionRegisteration" name="satisfactionRegister" time="53.973"/>
  <system-out>
    <![CDATA[400061321263 is satisfied with the Transaction ID 200319647889
400061321267 is satisfied with the Transaction ID 200319647937
400061321283 is satisfied with the Transaction ID 200319647993]]>
  </system-out>
</testsuite> <!-- com.satfnRegBot.automationScripts.SatisfactionRegisteration -->
