<?xml version="1.0" encoding="UTF-8"?>
<!-- Generated by org.testng.reporters.JUnitReportReporter -->
<testsuite hostname="DESKTOP-KMFIGF3" failures="0" tests="1" name="com.satfnRegBot.automationScripts.SecurityInterestRegistration" time="21.684" errors="0" timestamp="2024-03-07T15:51:43 IST" skipped="0">
  <testcase classname="com.satfnRegBot.automationScripts.SecurityInterestRegistration" name="securityInterestRegistration" time="21.684"/>
  <system-out/>
</testsuite> <!-- com.satfnRegBot.automationScripts.SecurityInterestRegistration -->
