<?xml version="1.0" encoding="UTF-8"?>
<!-- Generated by org.testng.reporters.JUnitReportReporter -->
<testsuite hostname="DESKTOP-KMFIGF3" failures="0" tests="1" name="com.satfnRegBot.automationScripts.SatisfactionRegisteration" time="1286.873" errors="0" timestamp="2024-02-26T16:59:05 IST" skipped="0">
  <testcase classname="com.satfnRegBot.automationScripts.SatisfactionRegisteration" name="satisfactionRegister" time="1286.873"/>
  <system-out/>
</testsuite> <!-- com.satfnRegBot.automationScripts.SatisfactionRegisteration -->
