<?xml version="1.0" encoding="UTF-8"?>
<!-- Generated by org.testng.reporters.JUnitReportReporter -->
<testsuite hostname="DESKTOP-KMFIGF3" failures="0" tests="1" name="com.satfnRegBot.automationScripts.SatisfactionRegisteration" time="19.407" errors="0" timestamp="2024-03-18T10:19:50 IST" skipped="0">
  <testcase classname="com.satfnRegBot.automationScripts.SatisfactionRegisteration" name="satisfactionRegister" time="19.407"/>
  <system-out>
    <![CDATA[400075601182 is already satisfied
400076302128 is already satisfied
400076395793 is already satisfied]]>
  </system-out>
</testsuite> <!-- com.satfnRegBot.automationScripts.SatisfactionRegisteration -->
