<?xml version="1.0" encoding="UTF-8"?>
<!-- Generated by org.testng.reporters.JUnitReportReporter -->
<testsuite hostname="DESKTOP-KMFIGF3" failures="0" tests="1" name="com.satfnRegBot.automationScripts.SatisfactionRegisteration" time="20.144" errors="0" timestamp="2024-03-25T17:12:38 IST" skipped="0">
  <testcase classname="com.satfnRegBot.automationScripts.SatisfactionRegisteration" name="satisfactionRegister" time="20.144"/>
  <system-out>
    <![CDATA[400063965097 is already satisfied
400064014774 is already satisfied
400061340725 is already satisfied]]>
  </system-out>
</testsuite> <!-- com.satfnRegBot.automationScripts.SatisfactionRegisteration -->
