<?xml version="1.0" encoding="UTF-8"?>
<!-- Generated by org.testng.reporters.JUnitReportReporter -->
<testsuite hostname="DESKTOP-KMFIGF3" failures="0" tests="1" name="com.satfnRegBot.automationScripts.SatisfactionRegisteration" time="235.789" errors="0" timestamp="2024-02-22T12:01:03 IST" skipped="0">
  <testcase classname="com.satfnRegBot.automationScripts.SatisfactionRegisteration" name="satisfactionRegister" time="235.789"/>
  <system-out/>
</testsuite> <!-- com.satfnRegBot.automationScripts.SatisfactionRegisteration -->
